2023-05-05T05:33:37+00:00 CRITICAL Uncaught TypeError: urlencode(): Argument #1 ($string) must be of type string, array given in E:\xampp\htdocs\taxi\wp-includes\formatting.php:5567
Stack trace:
#0 E:\xampp\htdocs\taxi\wp-includes\formatting.php(5567): urlencode(Array)
#1 E:\xampp\htdocs\taxi\wp-includes\class-wp-query.php(1170): wp_basename(Array)
#2 E:\xampp\htdocs\taxi\wp-includes\class-wp-query.php(940): WP_Query->parse_tax_query(Array)
#3 E:\xampp\htdocs\taxi\wp-includes\class-wp-query.php(1857): WP_Query->parse_query()
#4 E:\xampp\htdocs\taxi\wp-includes\class-wp-query.php(3787): WP_Query->get_posts()
#5 E:\xampp\htdocs\taxi\wp-includes\class-wp-query.php(3919): WP_Query->query(Array)
#6 E:\xampp\htdocs\taxi\wp-content\plugins\conexi-plugin\elementor\product_pricing.php(362): WP_Query->__construct(Array)
#7 E:\xampp\htdocs\taxi\wp-content\plugins\elementor\includes\base\controls-stack.php(2268): CONEXIPLUGIN\Element\Product_Pricing->render()
#8 E:\xampp\htdocs\taxi\wp-content\plugins\elementor\includes\base\widget-base.php(609): Elementor\Controls_Stack->render_by_mode()
#9 E:\xampp\htdocs\taxi\wp-content\plugins\elementor\includes\base\widget-base.php(750): Elementor\Widget_Base->render_content()
#10 E:\xampp\htdocs\taxi\wp-content\plugins\elementor\includes\base\element-base.php(449): Elementor\Widget_Base->print_content()
#11 E:\xampp\htdocs\taxi\wp-content\plugins\elementor\includes\base\element-base.php(1354): Elementor\Element_Base->print_element()
#12 E:\xampp\htdocs\taxi\wp-content\plugins\elementor\includes\base\element-base.php(449): Elementor\Element_Base->print_content()
#13 E:\xampp\htdocs\taxi\wp-content\plugins\elementor\includes\base\element-base.php(1354): Elementor\Element_Base->print_element()
#14 E:\xampp\htdocs\taxi\wp-content\plugins\elementor\includes\base\element-base.php(449): Elementor\Element_Base->print_content()
#15 E:\xampp\htdocs\taxi\wp-content\plugins\elementor\core\base\document.php(1680): Elementor\Element_Base->print_element()
#16 E:\xampp\htdocs\taxi\wp-content\plugins\elementor\core\base\document.php(1106): Elementor\Core\Base\Document->print_elements(Array)
#17 E:\xampp\htdocs\taxi\wp-content\plugins\elementor\includes\frontend.php(1179): Elementor\Core\Base\Document->print_elements_with_wrapper(Array)
#18 E:\xampp\htdocs\taxi\wp-content\plugins\elementor\includes\frontend.php(1074): Elementor\Frontend->get_builder_content(2133)
#19 E:\xampp\htdocs\taxi\wp-includes\class-wp-hook.php(308): Elementor\Frontend->apply_builder_in_content('<section>\n     ...')
#20 E:\xampp\htdocs\taxi\wp-includes\plugin.php(205): WP_Hook->apply_filters('<section>\n     ...', Array)
#21 E:\xampp\htdocs\taxi\wp-includes\post-template.php(255): apply_filters('the_content', '<section>\n     ...')
#22 E:\xampp\htdocs\taxi\wp-content\themes\conexi\tpl-default-elementor.php(17): the_content()
#23 E:\xampp\htdocs\taxi\wp-includes\template-loader.php(106): include('E:\\xampp\\htdocs...')
#24 E:\xampp\htdocs\taxi\wp-blog-header.php(19): require_once('E:\\xampp\\htdocs...')
#25 E:\xampp\htdocs\taxi\index.php(17): require('E:\\xampp\\htdocs...')
#26 {main}
  thrown in E:\xampp\htdocs\taxi\wp-includes\formatting.php on line 5567

2023-05-05T06:07:37+00:00 CRITICAL Uncaught TypeError: urlencode(): Argument #1 ($string) must be of type string, array given in E:\xampp\htdocs\taxi\wp-includes\formatting.php:5567
Stack trace:
#0 E:\xampp\htdocs\taxi\wp-includes\formatting.php(5567): urlencode(Array)
#1 E:\xampp\htdocs\taxi\wp-includes\class-wp-query.php(1170): wp_basename(Array)
#2 E:\xampp\htdocs\taxi\wp-includes\class-wp-query.php(940): WP_Query->parse_tax_query(Array)
#3 E:\xampp\htdocs\taxi\wp-includes\class-wp-query.php(1857): WP_Query->parse_query()
#4 E:\xampp\htdocs\taxi\wp-includes\class-wp-query.php(3787): WP_Query->get_posts()
#5 E:\xampp\htdocs\taxi\wp-includes\class-wp-query.php(3919): WP_Query->query(Array)
#6 E:\xampp\htdocs\taxi\wp-content\plugins\conexi-plugin\elementor\product_pricing.php(362): WP_Query->__construct(Array)
#7 E:\xampp\htdocs\taxi\wp-content\plugins\elementor\includes\base\controls-stack.php(2268): CONEXIPLUGIN\Element\Product_Pricing->render()
#8 E:\xampp\htdocs\taxi\wp-content\plugins\elementor\includes\base\widget-base.php(609): Elementor\Controls_Stack->render_by_mode()
#9 E:\xampp\htdocs\taxi\wp-content\plugins\elementor\includes\base\widget-base.php(750): Elementor\Widget_Base->render_content()
#10 E:\xampp\htdocs\taxi\wp-content\plugins\elementor\includes\base\element-base.php(449): Elementor\Widget_Base->print_content()
#11 E:\xampp\htdocs\taxi\wp-content\plugins\elementor\includes\base\element-base.php(1354): Elementor\Element_Base->print_element()
#12 E:\xampp\htdocs\taxi\wp-content\plugins\elementor\includes\base\element-base.php(449): Elementor\Element_Base->print_content()
#13 E:\xampp\htdocs\taxi\wp-content\plugins\elementor\includes\base\element-base.php(1354): Elementor\Element_Base->print_element()
#14 E:\xampp\htdocs\taxi\wp-content\plugins\elementor\includes\base\element-base.php(449): Elementor\Element_Base->print_content()
#15 E:\xampp\htdocs\taxi\wp-content\plugins\elementor\core\base\document.php(1680): Elementor\Element_Base->print_element()
#16 E:\xampp\htdocs\taxi\wp-content\plugins\elementor\core\base\document.php(1106): Elementor\Core\Base\Document->print_elements(Array)
#17 E:\xampp\htdocs\taxi\wp-content\plugins\elementor\includes\frontend.php(1179): Elementor\Core\Base\Document->print_elements_with_wrapper(Array)
#18 E:\xampp\htdocs\taxi\wp-content\plugins\elementor\includes\frontend.php(1074): Elementor\Frontend->get_builder_content(2133)
#19 E:\xampp\htdocs\taxi\wp-includes\class-wp-hook.php(308): Elementor\Frontend->apply_builder_in_content('<section>\n     ...')
#20 E:\xampp\htdocs\taxi\wp-includes\plugin.php(205): WP_Hook->apply_filters('<section>\n     ...', Array)
#21 E:\xampp\htdocs\taxi\wp-includes\post-template.php(255): apply_filters('the_content', '<section>\n     ...')
#22 E:\xampp\htdocs\taxi\wp-content\themes\conexi\tpl-default-elementor.php(17): the_content()
#23 E:\xampp\htdocs\taxi\wp-includes\template-loader.php(106): include('E:\\xampp\\htdocs...')
#24 E:\xampp\htdocs\taxi\wp-blog-header.php(19): require_once('E:\\xampp\\htdocs...')
#25 E:\xampp\htdocs\taxi\index.php(17): require('E:\\xampp\\htdocs...')
#26 {main}
  thrown in E:\xampp\htdocs\taxi\wp-includes\formatting.php on line 5567

2023-05-05T06:10:43+00:00 CRITICAL Uncaught TypeError: urlencode(): Argument #1 ($string) must be of type string, array given in E:\xampp\htdocs\taxi\wp-includes\formatting.php:5567
Stack trace:
#0 E:\xampp\htdocs\taxi\wp-includes\formatting.php(5567): urlencode(Array)
#1 E:\xampp\htdocs\taxi\wp-includes\class-wp-query.php(1170): wp_basename(Array)
#2 E:\xampp\htdocs\taxi\wp-includes\class-wp-query.php(940): WP_Query->parse_tax_query(Array)
#3 E:\xampp\htdocs\taxi\wp-includes\class-wp-query.php(1857): WP_Query->parse_query()
#4 E:\xampp\htdocs\taxi\wp-includes\class-wp-query.php(3787): WP_Query->get_posts()
#5 E:\xampp\htdocs\taxi\wp-includes\class-wp-query.php(3919): WP_Query->query(Array)
#6 E:\xampp\htdocs\taxi\wp-content\plugins\conexi-plugin\elementor\product_pricing.php(362): WP_Query->__construct(Array)
#7 E:\xampp\htdocs\taxi\wp-content\plugins\elementor\includes\base\controls-stack.php(2268): CONEXIPLUGIN\Element\Product_Pricing->render()
#8 E:\xampp\htdocs\taxi\wp-content\plugins\elementor\includes\base\widget-base.php(609): Elementor\Controls_Stack->render_by_mode()
#9 E:\xampp\htdocs\taxi\wp-content\plugins\elementor\includes\base\widget-base.php(750): Elementor\Widget_Base->render_content()
#10 E:\xampp\htdocs\taxi\wp-content\plugins\elementor\includes\base\element-base.php(449): Elementor\Widget_Base->print_content()
#11 E:\xampp\htdocs\taxi\wp-content\plugins\elementor\includes\base\element-base.php(1354): Elementor\Element_Base->print_element()
#12 E:\xampp\htdocs\taxi\wp-content\plugins\elementor\includes\base\element-base.php(449): Elementor\Element_Base->print_content()
#13 E:\xampp\htdocs\taxi\wp-content\plugins\elementor\includes\base\element-base.php(1354): Elementor\Element_Base->print_element()
#14 E:\xampp\htdocs\taxi\wp-content\plugins\elementor\includes\base\element-base.php(449): Elementor\Element_Base->print_content()
#15 E:\xampp\htdocs\taxi\wp-content\plugins\elementor\core\base\document.php(1680): Elementor\Element_Base->print_element()
#16 E:\xampp\htdocs\taxi\wp-content\plugins\elementor\core\base\document.php(1106): Elementor\Core\Base\Document->print_elements(Array)
#17 E:\xampp\htdocs\taxi\wp-content\plugins\elementor\includes\frontend.php(1179): Elementor\Core\Base\Document->print_elements_with_wrapper(Array)
#18 E:\xampp\htdocs\taxi\wp-content\plugins\elementor\includes\frontend.php(1074): Elementor\Frontend->get_builder_content(2133)
#19 E:\xampp\htdocs\taxi\wp-includes\class-wp-hook.php(308): Elementor\Frontend->apply_builder_in_content('<section>\n     ...')
#20 E:\xampp\htdocs\taxi\wp-includes\plugin.php(205): WP_Hook->apply_filters('<section>\n     ...', Array)
#21 E:\xampp\htdocs\taxi\wp-includes\post-template.php(255): apply_filters('the_content', '<section>\n     ...')
#22 E:\xampp\htdocs\taxi\wp-content\themes\conexi\tpl-default-elementor.php(17): the_content()
#23 E:\xampp\htdocs\taxi\wp-includes\template-loader.php(106): include('E:\\xampp\\htdocs...')
#24 E:\xampp\htdocs\taxi\wp-blog-header.php(19): require_once('E:\\xampp\\htdocs...')
#25 E:\xampp\htdocs\taxi\index.php(17): require('E:\\xampp\\htdocs...')
#26 {main}
  thrown in E:\xampp\htdocs\taxi\wp-includes\formatting.php on line 5567

2023-05-05T06:45:29+00:00 CRITICAL Uncaught TypeError: urlencode(): Argument #1 ($string) must be of type string, array given in E:\xampp\htdocs\taxi\wp-includes\formatting.php:5567
Stack trace:
#0 E:\xampp\htdocs\taxi\wp-includes\formatting.php(5567): urlencode(Array)
#1 E:\xampp\htdocs\taxi\wp-includes\class-wp-query.php(1170): wp_basename(Array)
#2 E:\xampp\htdocs\taxi\wp-includes\class-wp-query.php(940): WP_Query->parse_tax_query(Array)
#3 E:\xampp\htdocs\taxi\wp-includes\class-wp-query.php(1857): WP_Query->parse_query()
#4 E:\xampp\htdocs\taxi\wp-includes\class-wp-query.php(3787): WP_Query->get_posts()
#5 E:\xampp\htdocs\taxi\wp-includes\class-wp-query.php(3919): WP_Query->query(Array)
#6 E:\xampp\htdocs\taxi\wp-content\plugins\conexi-plugin\elementor\product_pricing.php(362): WP_Query->__construct(Array)
#7 E:\xampp\htdocs\taxi\wp-content\plugins\elementor\includes\base\controls-stack.php(2268): CONEXIPLUGIN\Element\Product_Pricing->render()
#8 E:\xampp\htdocs\taxi\wp-content\plugins\elementor\includes\base\widget-base.php(609): Elementor\Controls_Stack->render_by_mode()
#9 E:\xampp\htdocs\taxi\wp-content\plugins\elementor\includes\base\widget-base.php(750): Elementor\Widget_Base->render_content()
#10 E:\xampp\htdocs\taxi\wp-content\plugins\elementor\includes\base\element-base.php(449): Elementor\Widget_Base->print_content()
#11 E:\xampp\htdocs\taxi\wp-content\plugins\elementor\includes\base\element-base.php(1354): Elementor\Element_Base->print_element()
#12 E:\xampp\htdocs\taxi\wp-content\plugins\elementor\includes\base\element-base.php(449): Elementor\Element_Base->print_content()
#13 E:\xampp\htdocs\taxi\wp-content\plugins\elementor\includes\base\element-base.php(1354): Elementor\Element_Base->print_element()
#14 E:\xampp\htdocs\taxi\wp-content\plugins\elementor\includes\base\element-base.php(449): Elementor\Element_Base->print_content()
#15 E:\xampp\htdocs\taxi\wp-content\plugins\elementor\core\base\document.php(1680): Elementor\Element_Base->print_element()
#16 E:\xampp\htdocs\taxi\wp-content\plugins\elementor\core\base\document.php(1106): Elementor\Core\Base\Document->print_elements(Array)
#17 E:\xampp\htdocs\taxi\wp-content\plugins\elementor\includes\frontend.php(1179): Elementor\Core\Base\Document->print_elements_with_wrapper(Array)
#18 E:\xampp\htdocs\taxi\wp-content\plugins\elementor\includes\frontend.php(1074): Elementor\Frontend->get_builder_content(2133)
#19 E:\xampp\htdocs\taxi\wp-includes\class-wp-hook.php(308): Elementor\Frontend->apply_builder_in_content('<section>\n     ...')
#20 E:\xampp\htdocs\taxi\wp-includes\plugin.php(205): WP_Hook->apply_filters('<section>\n     ...', Array)
#21 E:\xampp\htdocs\taxi\wp-includes\post-template.php(255): apply_filters('the_content', '<section>\n     ...')
#22 E:\xampp\htdocs\taxi\wp-content\themes\conexi\tpl-default-elementor.php(17): the_content()
#23 E:\xampp\htdocs\taxi\wp-includes\template-loader.php(106): include('E:\\xampp\\htdocs...')
#24 E:\xampp\htdocs\taxi\wp-blog-header.php(19): require_once('E:\\xampp\\htdocs...')
#25 E:\xampp\htdocs\taxi\index.php(17): require('E:\\xampp\\htdocs...')
#26 {main}
  thrown in E:\xampp\htdocs\taxi\wp-includes\formatting.php on line 5567

2023-05-05T07:03:10+00:00 CRITICAL Uncaught TypeError: urlencode(): Argument #1 ($string) must be of type string, array given in E:\xampp\htdocs\taxi\wp-includes\formatting.php:5567
Stack trace:
#0 E:\xampp\htdocs\taxi\wp-includes\formatting.php(5567): urlencode(Array)
#1 E:\xampp\htdocs\taxi\wp-includes\class-wp-query.php(1170): wp_basename(Array)
#2 E:\xampp\htdocs\taxi\wp-includes\class-wp-query.php(940): WP_Query->parse_tax_query(Array)
#3 E:\xampp\htdocs\taxi\wp-includes\class-wp-query.php(1857): WP_Query->parse_query()
#4 E:\xampp\htdocs\taxi\wp-includes\class-wp-query.php(3787): WP_Query->get_posts()
#5 E:\xampp\htdocs\taxi\wp-includes\class-wp-query.php(3919): WP_Query->query(Array)
#6 E:\xampp\htdocs\taxi\wp-content\plugins\conexi-plugin\elementor\product_pricing.php(362): WP_Query->__construct(Array)
#7 E:\xampp\htdocs\taxi\wp-content\plugins\elementor\includes\base\controls-stack.php(2268): CONEXIPLUGIN\Element\Product_Pricing->render()
#8 E:\xampp\htdocs\taxi\wp-content\plugins\elementor\includes\base\widget-base.php(609): Elementor\Controls_Stack->render_by_mode()
#9 E:\xampp\htdocs\taxi\wp-content\plugins\elementor\includes\base\widget-base.php(750): Elementor\Widget_Base->render_content()
#10 E:\xampp\htdocs\taxi\wp-content\plugins\elementor\includes\base\element-base.php(449): Elementor\Widget_Base->print_content()
#11 E:\xampp\htdocs\taxi\wp-content\plugins\elementor\includes\base\element-base.php(1354): Elementor\Element_Base->print_element()
#12 E:\xampp\htdocs\taxi\wp-content\plugins\elementor\includes\base\element-base.php(449): Elementor\Element_Base->print_content()
#13 E:\xampp\htdocs\taxi\wp-content\plugins\elementor\includes\base\element-base.php(1354): Elementor\Element_Base->print_element()
#14 E:\xampp\htdocs\taxi\wp-content\plugins\elementor\includes\base\element-base.php(449): Elementor\Element_Base->print_content()
#15 E:\xampp\htdocs\taxi\wp-content\plugins\elementor\core\base\document.php(1680): Elementor\Element_Base->print_element()
#16 E:\xampp\htdocs\taxi\wp-content\plugins\elementor\core\base\document.php(1106): Elementor\Core\Base\Document->print_elements(Array)
#17 E:\xampp\htdocs\taxi\wp-content\plugins\elementor\includes\frontend.php(1179): Elementor\Core\Base\Document->print_elements_with_wrapper(Array)
#18 E:\xampp\htdocs\taxi\wp-content\plugins\elementor\includes\frontend.php(1074): Elementor\Frontend->get_builder_content(2133)
#19 E:\xampp\htdocs\taxi\wp-includes\class-wp-hook.php(308): Elementor\Frontend->apply_builder_in_content('<section>\n     ...')
#20 E:\xampp\htdocs\taxi\wp-includes\plugin.php(205): WP_Hook->apply_filters('<section>\n     ...', Array)
#21 E:\xampp\htdocs\taxi\wp-includes\post-template.php(255): apply_filters('the_content', '<section>\n     ...')
#22 E:\xampp\htdocs\taxi\wp-content\themes\conexi\tpl-default-elementor.php(17): the_content()
#23 E:\xampp\htdocs\taxi\wp-includes\template-loader.php(106): include('E:\\xampp\\htdocs...')
#24 E:\xampp\htdocs\taxi\wp-blog-header.php(19): require_once('E:\\xampp\\htdocs...')
#25 E:\xampp\htdocs\taxi\index.php(17): require('E:\\xampp\\htdocs...')
#26 {main}
  thrown in E:\xampp\htdocs\taxi\wp-includes\formatting.php on line 5567

2023-05-05T07:17:48+00:00 CRITICAL Uncaught TypeError: urlencode(): Argument #1 ($string) must be of type string, array given in E:\xampp\htdocs\taxi\wp-includes\formatting.php:5567
Stack trace:
#0 E:\xampp\htdocs\taxi\wp-includes\formatting.php(5567): urlencode(Array)
#1 E:\xampp\htdocs\taxi\wp-includes\class-wp-query.php(1170): wp_basename(Array)
#2 E:\xampp\htdocs\taxi\wp-includes\class-wp-query.php(940): WP_Query->parse_tax_query(Array)
#3 E:\xampp\htdocs\taxi\wp-includes\class-wp-query.php(1857): WP_Query->parse_query()
#4 E:\xampp\htdocs\taxi\wp-includes\class-wp-query.php(3787): WP_Query->get_posts()
#5 E:\xampp\htdocs\taxi\wp-includes\class-wp-query.php(3919): WP_Query->query(Array)
#6 E:\xampp\htdocs\taxi\wp-content\plugins\conexi-plugin\elementor\product_pricing.php(362): WP_Query->__construct(Array)
#7 E:\xampp\htdocs\taxi\wp-content\plugins\elementor\includes\base\controls-stack.php(2268): CONEXIPLUGIN\Element\Product_Pricing->render()
#8 E:\xampp\htdocs\taxi\wp-content\plugins\elementor\includes\base\widget-base.php(609): Elementor\Controls_Stack->render_by_mode()
#9 E:\xampp\htdocs\taxi\wp-content\plugins\elementor\includes\base\widget-base.php(750): Elementor\Widget_Base->render_content()
#10 E:\xampp\htdocs\taxi\wp-content\plugins\elementor\includes\base\element-base.php(449): Elementor\Widget_Base->print_content()
#11 E:\xampp\htdocs\taxi\wp-content\plugins\elementor\includes\base\element-base.php(1354): Elementor\Element_Base->print_element()
#12 E:\xampp\htdocs\taxi\wp-content\plugins\elementor\includes\base\element-base.php(449): Elementor\Element_Base->print_content()
#13 E:\xampp\htdocs\taxi\wp-content\plugins\elementor\includes\base\element-base.php(1354): Elementor\Element_Base->print_element()
#14 E:\xampp\htdocs\taxi\wp-content\plugins\elementor\includes\base\element-base.php(449): Elementor\Element_Base->print_content()
#15 E:\xampp\htdocs\taxi\wp-content\plugins\elementor\core\base\document.php(1680): Elementor\Element_Base->print_element()
#16 E:\xampp\htdocs\taxi\wp-content\plugins\elementor\core\base\document.php(1106): Elementor\Core\Base\Document->print_elements(Array)
#17 E:\xampp\htdocs\taxi\wp-content\plugins\elementor\includes\frontend.php(1179): Elementor\Core\Base\Document->print_elements_with_wrapper(Array)
#18 E:\xampp\htdocs\taxi\wp-content\plugins\elementor\includes\frontend.php(1074): Elementor\Frontend->get_builder_content(2133)
#19 E:\xampp\htdocs\taxi\wp-includes\class-wp-hook.php(308): Elementor\Frontend->apply_builder_in_content('<section>\n     ...')
#20 E:\xampp\htdocs\taxi\wp-includes\plugin.php(205): WP_Hook->apply_filters('<section>\n     ...', Array)
#21 E:\xampp\htdocs\taxi\wp-includes\post-template.php(255): apply_filters('the_content', '<section>\n     ...')
#22 E:\xampp\htdocs\taxi\wp-content\themes\conexi\tpl-default-elementor.php(17): the_content()
#23 E:\xampp\htdocs\taxi\wp-includes\template-loader.php(106): include('E:\\xampp\\htdocs...')
#24 E:\xampp\htdocs\taxi\wp-blog-header.php(19): require_once('E:\\xampp\\htdocs...')
#25 E:\xampp\htdocs\taxi\index.php(17): require('E:\\xampp\\htdocs...')
#26 {main}
  thrown in E:\xampp\htdocs\taxi\wp-includes\formatting.php on line 5567

2023-05-05T07:34:44+00:00 CRITICAL Uncaught TypeError: urlencode(): Argument #1 ($string) must be of type string, array given in E:\xampp\htdocs\taxi\wp-includes\formatting.php:5567
Stack trace:
#0 E:\xampp\htdocs\taxi\wp-includes\formatting.php(5567): urlencode(Array)
#1 E:\xampp\htdocs\taxi\wp-includes\class-wp-query.php(1170): wp_basename(Array)
#2 E:\xampp\htdocs\taxi\wp-includes\class-wp-query.php(940): WP_Query->parse_tax_query(Array)
#3 E:\xampp\htdocs\taxi\wp-includes\class-wp-query.php(1857): WP_Query->parse_query()
#4 E:\xampp\htdocs\taxi\wp-includes\class-wp-query.php(3787): WP_Query->get_posts()
#5 E:\xampp\htdocs\taxi\wp-includes\class-wp-query.php(3919): WP_Query->query(Array)
#6 E:\xampp\htdocs\taxi\wp-content\plugins\conexi-plugin\elementor\product_pricing.php(362): WP_Query->__construct(Array)
#7 E:\xampp\htdocs\taxi\wp-content\plugins\elementor\includes\base\controls-stack.php(2268): CONEXIPLUGIN\Element\Product_Pricing->render()
#8 E:\xampp\htdocs\taxi\wp-content\plugins\elementor\includes\base\widget-base.php(609): Elementor\Controls_Stack->render_by_mode()
#9 E:\xampp\htdocs\taxi\wp-content\plugins\elementor\includes\base\widget-base.php(750): Elementor\Widget_Base->render_content()
#10 E:\xampp\htdocs\taxi\wp-content\plugins\elementor\includes\base\element-base.php(449): Elementor\Widget_Base->print_content()
#11 E:\xampp\htdocs\taxi\wp-content\plugins\elementor\includes\base\element-base.php(1354): Elementor\Element_Base->print_element()
#12 E:\xampp\htdocs\taxi\wp-content\plugins\elementor\includes\base\element-base.php(449): Elementor\Element_Base->print_content()
#13 E:\xampp\htdocs\taxi\wp-content\plugins\elementor\includes\base\element-base.php(1354): Elementor\Element_Base->print_element()
#14 E:\xampp\htdocs\taxi\wp-content\plugins\elementor\includes\base\element-base.php(449): Elementor\Element_Base->print_content()
#15 E:\xampp\htdocs\taxi\wp-content\plugins\elementor\core\base\document.php(1680): Elementor\Element_Base->print_element()
#16 E:\xampp\htdocs\taxi\wp-content\plugins\elementor\core\base\document.php(1106): Elementor\Core\Base\Document->print_elements(Array)
#17 E:\xampp\htdocs\taxi\wp-content\plugins\elementor\includes\frontend.php(1179): Elementor\Core\Base\Document->print_elements_with_wrapper(Array)
#18 E:\xampp\htdocs\taxi\wp-content\plugins\elementor\includes\frontend.php(1074): Elementor\Frontend->get_builder_content(2133)
#19 E:\xampp\htdocs\taxi\wp-includes\class-wp-hook.php(308): Elementor\Frontend->apply_builder_in_content('<section>\n     ...')
#20 E:\xampp\htdocs\taxi\wp-includes\plugin.php(205): WP_Hook->apply_filters('<section>\n     ...', Array)
#21 E:\xampp\htdocs\taxi\wp-includes\post-template.php(255): apply_filters('the_content', '<section>\n     ...')
#22 E:\xampp\htdocs\taxi\wp-content\themes\conexi\tpl-default-elementor.php(17): the_content()
#23 E:\xampp\htdocs\taxi\wp-includes\template-loader.php(106): include('E:\\xampp\\htdocs...')
#24 E:\xampp\htdocs\taxi\wp-blog-header.php(19): require_once('E:\\xampp\\htdocs...')
#25 E:\xampp\htdocs\taxi\index.php(17): require('E:\\xampp\\htdocs...')
#26 {main}
  thrown in E:\xampp\htdocs\taxi\wp-includes\formatting.php on line 5567

2023-05-05T07:45:02+00:00 CRITICAL Uncaught TypeError: urlencode(): Argument #1 ($string) must be of type string, array given in E:\xampp\htdocs\taxi\wp-includes\formatting.php:5567
Stack trace:
#0 E:\xampp\htdocs\taxi\wp-includes\formatting.php(5567): urlencode(Array)
#1 E:\xampp\htdocs\taxi\wp-includes\class-wp-query.php(1170): wp_basename(Array)
#2 E:\xampp\htdocs\taxi\wp-includes\class-wp-query.php(940): WP_Query->parse_tax_query(Array)
#3 E:\xampp\htdocs\taxi\wp-includes\class-wp-query.php(1857): WP_Query->parse_query()
#4 E:\xampp\htdocs\taxi\wp-includes\class-wp-query.php(3787): WP_Query->get_posts()
#5 E:\xampp\htdocs\taxi\wp-includes\class-wp-query.php(3919): WP_Query->query(Array)
#6 E:\xampp\htdocs\taxi\wp-content\plugins\conexi-plugin\elementor\product_pricing.php(362): WP_Query->__construct(Array)
#7 E:\xampp\htdocs\taxi\wp-content\plugins\elementor\includes\base\controls-stack.php(2268): CONEXIPLUGIN\Element\Product_Pricing->render()
#8 E:\xampp\htdocs\taxi\wp-content\plugins\elementor\includes\base\widget-base.php(609): Elementor\Controls_Stack->render_by_mode()
#9 E:\xampp\htdocs\taxi\wp-content\plugins\elementor\includes\base\widget-base.php(750): Elementor\Widget_Base->render_content()
#10 E:\xampp\htdocs\taxi\wp-content\plugins\elementor\includes\base\element-base.php(449): Elementor\Widget_Base->print_content()
#11 E:\xampp\htdocs\taxi\wp-content\plugins\elementor\includes\base\element-base.php(1354): Elementor\Element_Base->print_element()
#12 E:\xampp\htdocs\taxi\wp-content\plugins\elementor\includes\base\element-base.php(449): Elementor\Element_Base->print_content()
#13 E:\xampp\htdocs\taxi\wp-content\plugins\elementor\includes\base\element-base.php(1354): Elementor\Element_Base->print_element()
#14 E:\xampp\htdocs\taxi\wp-content\plugins\elementor\includes\base\element-base.php(449): Elementor\Element_Base->print_content()
#15 E:\xampp\htdocs\taxi\wp-content\plugins\elementor\core\base\document.php(1680): Elementor\Element_Base->print_element()
#16 E:\xampp\htdocs\taxi\wp-content\plugins\elementor\core\base\document.php(1106): Elementor\Core\Base\Document->print_elements(Array)
#17 E:\xampp\htdocs\taxi\wp-content\plugins\elementor\includes\frontend.php(1179): Elementor\Core\Base\Document->print_elements_with_wrapper(Array)
#18 E:\xampp\htdocs\taxi\wp-content\plugins\elementor\includes\frontend.php(1074): Elementor\Frontend->get_builder_content(2133)
#19 E:\xampp\htdocs\taxi\wp-includes\class-wp-hook.php(308): Elementor\Frontend->apply_builder_in_content('<section>\n     ...')
#20 E:\xampp\htdocs\taxi\wp-includes\plugin.php(205): WP_Hook->apply_filters('<section>\n     ...', Array)
#21 E:\xampp\htdocs\taxi\wp-includes\post-template.php(255): apply_filters('the_content', '<section>\n     ...')
#22 E:\xampp\htdocs\taxi\wp-content\themes\conexi\tpl-default-elementor.php(17): the_content()
#23 E:\xampp\htdocs\taxi\wp-includes\template-loader.php(106): include('E:\\xampp\\htdocs...')
#24 E:\xampp\htdocs\taxi\wp-blog-header.php(19): require_once('E:\\xampp\\htdocs...')
#25 E:\xampp\htdocs\taxi\index.php(17): require('E:\\xampp\\htdocs...')
#26 {main}
  thrown in E:\xampp\htdocs\taxi\wp-includes\formatting.php on line 5567

2023-05-05T08:12:30+00:00 CRITICAL Uncaught TypeError: urlencode(): Argument #1 ($string) must be of type string, array given in E:\xampp\htdocs\taxi\wp-includes\formatting.php:5567
Stack trace:
#0 E:\xampp\htdocs\taxi\wp-includes\formatting.php(5567): urlencode(Array)
#1 E:\xampp\htdocs\taxi\wp-includes\class-wp-query.php(1170): wp_basename(Array)
#2 E:\xampp\htdocs\taxi\wp-includes\class-wp-query.php(940): WP_Query->parse_tax_query(Array)
#3 E:\xampp\htdocs\taxi\wp-includes\class-wp-query.php(1857): WP_Query->parse_query()
#4 E:\xampp\htdocs\taxi\wp-includes\class-wp-query.php(3787): WP_Query->get_posts()
#5 E:\xampp\htdocs\taxi\wp-includes\class-wp-query.php(3919): WP_Query->query(Array)
#6 E:\xampp\htdocs\taxi\wp-content\plugins\conexi-plugin\elementor\product_pricing.php(362): WP_Query->__construct(Array)
#7 E:\xampp\htdocs\taxi\wp-content\plugins\elementor\includes\base\controls-stack.php(2268): CONEXIPLUGIN\Element\Product_Pricing->render()
#8 E:\xampp\htdocs\taxi\wp-content\plugins\elementor\includes\base\widget-base.php(609): Elementor\Controls_Stack->render_by_mode()
#9 E:\xampp\htdocs\taxi\wp-content\plugins\elementor\includes\base\widget-base.php(750): Elementor\Widget_Base->render_content()
#10 E:\xampp\htdocs\taxi\wp-content\plugins\elementor\includes\base\element-base.php(449): Elementor\Widget_Base->print_content()
#11 E:\xampp\htdocs\taxi\wp-content\plugins\elementor\includes\base\element-base.php(1354): Elementor\Element_Base->print_element()
#12 E:\xampp\htdocs\taxi\wp-content\plugins\elementor\includes\base\element-base.php(449): Elementor\Element_Base->print_content()
#13 E:\xampp\htdocs\taxi\wp-content\plugins\elementor\includes\base\element-base.php(1354): Elementor\Element_Base->print_element()
#14 E:\xampp\htdocs\taxi\wp-content\plugins\elementor\includes\base\element-base.php(449): Elementor\Element_Base->print_content()
#15 E:\xampp\htdocs\taxi\wp-content\plugins\elementor\core\base\document.php(1680): Elementor\Element_Base->print_element()
#16 E:\xampp\htdocs\taxi\wp-content\plugins\elementor\core\base\document.php(1106): Elementor\Core\Base\Document->print_elements(Array)
#17 E:\xampp\htdocs\taxi\wp-content\plugins\elementor\includes\frontend.php(1179): Elementor\Core\Base\Document->print_elements_with_wrapper(Array)
#18 E:\xampp\htdocs\taxi\wp-content\plugins\elementor\includes\frontend.php(1074): Elementor\Frontend->get_builder_content(2133)
#19 E:\xampp\htdocs\taxi\wp-includes\class-wp-hook.php(308): Elementor\Frontend->apply_builder_in_content('<section>\n     ...')
#20 E:\xampp\htdocs\taxi\wp-includes\plugin.php(205): WP_Hook->apply_filters('<section>\n     ...', Array)
#21 E:\xampp\htdocs\taxi\wp-includes\post-template.php(255): apply_filters('the_content', '<section>\n     ...')
#22 E:\xampp\htdocs\taxi\wp-content\themes\conexi\tpl-default-elementor.php(17): the_content()
#23 E:\xampp\htdocs\taxi\wp-includes\template-loader.php(106): include('E:\\xampp\\htdocs...')
#24 E:\xampp\htdocs\taxi\wp-blog-header.php(19): require_once('E:\\xampp\\htdocs...')
#25 E:\xampp\htdocs\taxi\index.php(17): require('E:\\xampp\\htdocs...')
#26 {main}
  thrown in E:\xampp\htdocs\taxi\wp-includes\formatting.php on line 5567

2023-05-05T09:47:36+00:00 CRITICAL Uncaught TypeError: urlencode(): Argument #1 ($string) must be of type string, array given in E:\xampp\htdocs\taxi\wp-includes\formatting.php:5567
Stack trace:
#0 E:\xampp\htdocs\taxi\wp-includes\formatting.php(5567): urlencode(Array)
#1 E:\xampp\htdocs\taxi\wp-includes\class-wp-query.php(1170): wp_basename(Array)
#2 E:\xampp\htdocs\taxi\wp-includes\class-wp-query.php(940): WP_Query->parse_tax_query(Array)
#3 E:\xampp\htdocs\taxi\wp-includes\class-wp-query.php(1857): WP_Query->parse_query()
#4 E:\xampp\htdocs\taxi\wp-includes\class-wp-query.php(3787): WP_Query->get_posts()
#5 E:\xampp\htdocs\taxi\wp-includes\class-wp-query.php(3919): WP_Query->query(Array)
#6 E:\xampp\htdocs\taxi\wp-content\plugins\conexi-plugin\elementor\product_pricing.php(362): WP_Query->__construct(Array)
#7 E:\xampp\htdocs\taxi\wp-content\plugins\elementor\includes\base\controls-stack.php(2268): CONEXIPLUGIN\Element\Product_Pricing->render()
#8 E:\xampp\htdocs\taxi\wp-content\plugins\elementor\includes\base\widget-base.php(609): Elementor\Controls_Stack->render_by_mode()
#9 E:\xampp\htdocs\taxi\wp-content\plugins\elementor\includes\base\widget-base.php(733): Elementor\Widget_Base->render_content()
#10 E:\xampp\htdocs\taxi\wp-content\plugins\elementor\includes\base\element-base.php(536): Elementor\Widget_Base->get_raw_data(true)
#11 E:\xampp\htdocs\taxi\wp-content\plugins\elementor\includes\base\element-base.php(536): Elementor\Element_Base->get_raw_data(true)
#12 E:\xampp\htdocs\taxi\wp-content\plugins\elementor\core\base\document.php(977): Elementor\Element_Base->get_raw_data(true)
#13 E:\xampp\htdocs\taxi\wp-content\plugins\elementor\core\base\document.php(643): Elementor\Core\Base\Document->get_elements_raw_data(Array, true)
#14 E:\xampp\htdocs\taxi\wp-content\plugins\elementor\includes\base\controls-stack.php(1021): Elementor\Core\Base\Document->get_initial_config()
#15 E:\xampp\htdocs\taxi\wp-content\plugins\elementor\core\editor\config-providers\editor-common-client-settings.php(36): Elementor\Controls_Stack->get_config()
#16 E:\xampp\htdocs\taxi\wp-content\plugins\elementor\core\editor\config-providers\editor-common-configs.php(169): Elementor\Core\Editor\Config_Providers\Editor_Common_Client_Settings::get_client_settings()
#17 E:\xampp\htdocs\taxi\wp-content\plugins\elementor\core\editor\config-providers\editor-v2-config-provider.php(89): Elementor\Core\Editor\Config_Providers\Editor_Common_Configs::get_client_settings()
#18 E:\xampp\htdocs\taxi\wp-content\plugins\elementor\core\editor\editor-loader.php(57): Elementor\Core\Editor\Config_Providers\Editor_V2_Config_Provider->get_client_settings()
#19 E:\xampp\htdocs\taxi\wp-content\plugins\elementor\core\editor\editor.php(357): Elementor\Core\Editor\Editor_Loader->print_client_settings()
#20 E:\xampp\htdocs\taxi\wp-includes\class-wp-hook.php(308): Elementor\Core\Editor\Editor->enqueue_scripts('')
#21 E:\xampp\htdocs\taxi\wp-includes\class-wp-hook.php(332): WP_Hook->apply_filters('', Array)
#22 E:\xampp\htdocs\taxi\wp-includes\plugin.php(517): WP_Hook->do_action(Array)
#23 E:\xampp\htdocs\taxi\wp-includes\script-loader.php(2194): do_action('wp_enqueue_scri...')
#24 E:\xampp\htdocs\taxi\wp-includes\class-wp-hook.php(308): wp_enqueue_scripts('')
#25 E:\xampp\htdocs\taxi\wp-includes\class-wp-hook.php(332): WP_Hook->apply_filters('', Array)
#26 E:\xampp\htdocs\taxi\wp-includes\plugin.php(517): WP_Hook->do_action(Array)
#27 E:\xampp\htdocs\taxi\wp-includes\general-template.php(3049): do_action('wp_head')
#28 E:\xampp\htdocs\taxi\wp-content\plugins\elementor\includes\editor-templates\editor-wrapper.php(31): wp_head()
#29 E:\xampp\htdocs\taxi\wp-content\plugins\elementor\core\editor\editor-loader.php(135): include('E:\\xampp\\htdocs...')
#30 E:\xampp\htdocs\taxi\wp-content\plugins\elementor\core\editor\editor.php(162): Elementor\Core\Editor\Editor_Loader->print_root_template()
#31 E:\xampp\htdocs\taxi\wp-includes\class-wp-hook.php(308): Elementor\Core\Editor\Editor->init('')
#32 E:\xampp\htdocs\taxi\wp-includes\class-wp-hook.php(332): WP_Hook->apply_filters('', Array)
#33 E:\xampp\htdocs\taxi\wp-includes\plugin.php(517): WP_Hook->do_action(Array)
#34 E:\xampp\htdocs\taxi\wp-admin\admin.php(419): do_action('admin_action_el...')
#35 E:\xampp\htdocs\taxi\wp-admin\post.php(12): require_once('E:\\xampp\\htdocs...')
#36 {main}
  thrown in E:\xampp\htdocs\taxi\wp-includes\formatting.php on line 5567

2023-05-05T10:12:06+00:00 CRITICAL Uncaught TypeError: urlencode(): Argument #1 ($string) must be of type string, array given in E:\xampp\htdocs\taxi\wp-includes\formatting.php:5567
Stack trace:
#0 E:\xampp\htdocs\taxi\wp-includes\formatting.php(5567): urlencode(Array)
#1 E:\xampp\htdocs\taxi\wp-includes\class-wp-query.php(1170): wp_basename(Array)
#2 E:\xampp\htdocs\taxi\wp-includes\class-wp-query.php(940): WP_Query->parse_tax_query(Array)
#3 E:\xampp\htdocs\taxi\wp-includes\class-wp-query.php(1857): WP_Query->parse_query()
#4 E:\xampp\htdocs\taxi\wp-includes\class-wp-query.php(3787): WP_Query->get_posts()
#5 E:\xampp\htdocs\taxi\wp-includes\class-wp-query.php(3919): WP_Query->query(Array)
#6 E:\xampp\htdocs\taxi\wp-content\plugins\conexi-plugin\elementor\product_pricing.php(362): WP_Query->__construct(Array)
#7 E:\xampp\htdocs\taxi\wp-content\plugins\elementor\includes\base\controls-stack.php(2268): CONEXIPLUGIN\Element\Product_Pricing->render()
#8 E:\xampp\htdocs\taxi\wp-content\plugins\elementor\includes\base\widget-base.php(609): Elementor\Controls_Stack->render_by_mode()
#9 E:\xampp\htdocs\taxi\wp-content\plugins\elementor\includes\base\widget-base.php(750): Elementor\Widget_Base->render_content()
#10 E:\xampp\htdocs\taxi\wp-content\plugins\elementor\includes\base\element-base.php(449): Elementor\Widget_Base->print_content()
#11 E:\xampp\htdocs\taxi\wp-content\plugins\elementor\includes\base\element-base.php(1354): Elementor\Element_Base->print_element()
#12 E:\xampp\htdocs\taxi\wp-content\plugins\elementor\includes\base\element-base.php(449): Elementor\Element_Base->print_content()
#13 E:\xampp\htdocs\taxi\wp-content\plugins\elementor\includes\base\element-base.php(1354): Elementor\Element_Base->print_element()
#14 E:\xampp\htdocs\taxi\wp-content\plugins\elementor\includes\base\element-base.php(449): Elementor\Element_Base->print_content()
#15 E:\xampp\htdocs\taxi\wp-content\plugins\elementor\core\base\document.php(1680): Elementor\Element_Base->print_element()
#16 E:\xampp\htdocs\taxi\wp-content\plugins\elementor\core\base\document.php(1106): Elementor\Core\Base\Document->print_elements(Array)
#17 E:\xampp\htdocs\taxi\wp-content\plugins\elementor\includes\frontend.php(1179): Elementor\Core\Base\Document->print_elements_with_wrapper(Array)
#18 E:\xampp\htdocs\taxi\wp-content\plugins\elementor\includes\frontend.php(1074): Elementor\Frontend->get_builder_content(2133)
#19 E:\xampp\htdocs\taxi\wp-includes\class-wp-hook.php(308): Elementor\Frontend->apply_builder_in_content('<section>\n     ...')
#20 E:\xampp\htdocs\taxi\wp-includes\plugin.php(205): WP_Hook->apply_filters('<section>\n     ...', Array)
#21 E:\xampp\htdocs\taxi\wp-includes\post-template.php(255): apply_filters('the_content', '<section>\n     ...')
#22 E:\xampp\htdocs\taxi\wp-content\themes\conexi\tpl-default-elementor.php(17): the_content()
#23 E:\xampp\htdocs\taxi\wp-includes\template-loader.php(106): include('E:\\xampp\\htdocs...')
#24 E:\xampp\htdocs\taxi\wp-blog-header.php(19): require_once('E:\\xampp\\htdocs...')
#25 E:\xampp\htdocs\taxi\index.php(17): require('E:\\xampp\\htdocs...')
#26 {main}
  thrown in E:\xampp\htdocs\taxi\wp-includes\formatting.php on line 5567

2023-05-05T11:07:21+00:00 CRITICAL Uncaught Error: Call to a member function is_built_with_elementor() on bool in E:\xampp\htdocs\taxi\wp-content\plugins\elementor\core\documents-manager.php:476
Stack trace:
#0 [internal function]: Elementor\Core\Documents_Manager->ajax_save(Array, Object(Elementor\Core\Common\Modules\Ajax\Module))
#1 E:\xampp\htdocs\taxi\wp-content\plugins\elementor\core\common\modules\ajax\module.php(175): call_user_func(Array, Array, Object(Elementor\Core\Common\Modules\Ajax\Module))
#2 E:\xampp\htdocs\taxi\wp-includes\class-wp-hook.php(308): Elementor\Core\Common\Modules\Ajax\Module->handle_ajax_request('')
#3 E:\xampp\htdocs\taxi\wp-includes\class-wp-hook.php(332): WP_Hook->apply_filters('', Array)
#4 E:\xampp\htdocs\taxi\wp-includes\plugin.php(517): WP_Hook->do_action(Array)
#5 E:\xampp\htdocs\taxi\wp-admin\admin-ajax.php(188): do_action('wp_ajax_element...')
#6 {main}
  thrown in E:\xampp\htdocs\taxi\wp-content\plugins\elementor\core\documents-manager.php on line 476

2023-05-05T11:42:51+00:00 CRITICAL Uncaught TypeError: urlencode(): Argument #1 ($string) must be of type string, array given in E:\xampp\htdocs\taxi\wp-includes\formatting.php:5567
Stack trace:
#0 E:\xampp\htdocs\taxi\wp-includes\formatting.php(5567): urlencode(Array)
#1 E:\xampp\htdocs\taxi\wp-includes\class-wp-query.php(1170): wp_basename(Array)
#2 E:\xampp\htdocs\taxi\wp-includes\class-wp-query.php(940): WP_Query->parse_tax_query(Array)
#3 E:\xampp\htdocs\taxi\wp-includes\class-wp-query.php(1857): WP_Query->parse_query()
#4 E:\xampp\htdocs\taxi\wp-includes\class-wp-query.php(3787): WP_Query->get_posts()
#5 E:\xampp\htdocs\taxi\wp-includes\class-wp-query.php(3919): WP_Query->query(Array)
#6 E:\xampp\htdocs\taxi\wp-content\plugins\conexi-plugin\elementor\product_pricing.php(362): WP_Query->__construct(Array)
#7 E:\xampp\htdocs\taxi\wp-content\plugins\elementor\includes\base\controls-stack.php(2268): CONEXIPLUGIN\Element\Product_Pricing->render()
#8 E:\xampp\htdocs\taxi\wp-content\plugins\elementor\includes\base\widget-base.php(609): Elementor\Controls_Stack->render_by_mode()
#9 E:\xampp\htdocs\taxi\wp-content\plugins\elementor\includes\base\widget-base.php(750): Elementor\Widget_Base->render_content()
#10 E:\xampp\htdocs\taxi\wp-content\plugins\elementor\includes\base\element-base.php(449): Elementor\Widget_Base->print_content()
#11 E:\xampp\htdocs\taxi\wp-content\plugins\elementor\includes\base\element-base.php(1354): Elementor\Element_Base->print_element()
#12 E:\xampp\htdocs\taxi\wp-content\plugins\elementor\includes\base\element-base.php(449): Elementor\Element_Base->print_content()
#13 E:\xampp\htdocs\taxi\wp-content\plugins\elementor\includes\base\element-base.php(1354): Elementor\Element_Base->print_element()
#14 E:\xampp\htdocs\taxi\wp-content\plugins\elementor\includes\base\element-base.php(449): Elementor\Element_Base->print_content()
#15 E:\xampp\htdocs\taxi\wp-content\plugins\elementor\core\base\document.php(1680): Elementor\Element_Base->print_element()
#16 E:\xampp\htdocs\taxi\wp-content\plugins\elementor\core\base\document.php(1106): Elementor\Core\Base\Document->print_elements(Array)
#17 E:\xampp\htdocs\taxi\wp-content\plugins\elementor\includes\frontend.php(1179): Elementor\Core\Base\Document->print_elements_with_wrapper(Array)
#18 E:\xampp\htdocs\taxi\wp-content\plugins\elementor\includes\frontend.php(1074): Elementor\Frontend->get_builder_content(2133)
#19 E:\xampp\htdocs\taxi\wp-includes\class-wp-hook.php(308): Elementor\Frontend->apply_builder_in_content('<section>\n     ...')
#20 E:\xampp\htdocs\taxi\wp-includes\plugin.php(205): WP_Hook->apply_filters('<section>\n     ...', Array)
#21 E:\xampp\htdocs\taxi\wp-includes\post-template.php(255): apply_filters('the_content', '<section>\n     ...')
#22 E:\xampp\htdocs\taxi\wp-content\themes\conexi\tpl-default-elementor.php(17): the_content()
#23 E:\xampp\htdocs\taxi\wp-includes\template-loader.php(106): include('E:\\xampp\\htdocs...')
#24 E:\xampp\htdocs\taxi\wp-blog-header.php(19): require_once('E:\\xampp\\htdocs...')
#25 E:\xampp\htdocs\taxi\index.php(17): require('E:\\xampp\\htdocs...')
#26 {main}
  thrown in E:\xampp\htdocs\taxi\wp-includes\formatting.php on line 5567

2023-05-05T14:31:26+00:00 CRITICAL Uncaught TypeError: urlencode(): Argument #1 ($string) must be of type string, array given in E:\xampp\htdocs\taxi\wp-includes\formatting.php:5567
Stack trace:
#0 E:\xampp\htdocs\taxi\wp-includes\formatting.php(5567): urlencode(Array)
#1 E:\xampp\htdocs\taxi\wp-includes\class-wp-query.php(1170): wp_basename(Array)
#2 E:\xampp\htdocs\taxi\wp-includes\class-wp-query.php(940): WP_Query->parse_tax_query(Array)
#3 E:\xampp\htdocs\taxi\wp-includes\class-wp-query.php(1857): WP_Query->parse_query()
#4 E:\xampp\htdocs\taxi\wp-includes\class-wp-query.php(3787): WP_Query->get_posts()
#5 E:\xampp\htdocs\taxi\wp-includes\class-wp-query.php(3919): WP_Query->query(Array)
#6 E:\xampp\htdocs\taxi\wp-content\plugins\conexi-plugin\elementor\product_pricing.php(362): WP_Query->__construct(Array)
#7 E:\xampp\htdocs\taxi\wp-content\plugins\elementor\includes\base\controls-stack.php(2268): CONEXIPLUGIN\Element\Product_Pricing->render()
#8 E:\xampp\htdocs\taxi\wp-content\plugins\elementor\includes\base\widget-base.php(609): Elementor\Controls_Stack->render_by_mode()
#9 E:\xampp\htdocs\taxi\wp-content\plugins\elementor\includes\base\widget-base.php(750): Elementor\Widget_Base->render_content()
#10 E:\xampp\htdocs\taxi\wp-content\plugins\elementor\includes\base\element-base.php(449): Elementor\Widget_Base->print_content()
#11 E:\xampp\htdocs\taxi\wp-content\plugins\elementor\includes\base\element-base.php(1354): Elementor\Element_Base->print_element()
#12 E:\xampp\htdocs\taxi\wp-content\plugins\elementor\includes\base\element-base.php(449): Elementor\Element_Base->print_content()
#13 E:\xampp\htdocs\taxi\wp-content\plugins\elementor\includes\base\element-base.php(1354): Elementor\Element_Base->print_element()
#14 E:\xampp\htdocs\taxi\wp-content\plugins\elementor\includes\base\element-base.php(449): Elementor\Element_Base->print_content()
#15 E:\xampp\htdocs\taxi\wp-content\plugins\elementor\core\base\document.php(1680): Elementor\Element_Base->print_element()
#16 E:\xampp\htdocs\taxi\wp-content\plugins\elementor\core\base\document.php(1106): Elementor\Core\Base\Document->print_elements(Array)
#17 E:\xampp\htdocs\taxi\wp-content\plugins\elementor\includes\frontend.php(1179): Elementor\Core\Base\Document->print_elements_with_wrapper(Array)
#18 E:\xampp\htdocs\taxi\wp-content\plugins\elementor\includes\frontend.php(1074): Elementor\Frontend->get_builder_content(2133)
#19 E:\xampp\htdocs\taxi\wp-includes\class-wp-hook.php(308): Elementor\Frontend->apply_builder_in_content('<section>\n     ...')
#20 E:\xampp\htdocs\taxi\wp-includes\plugin.php(205): WP_Hook->apply_filters('<section>\n     ...', Array)
#21 E:\xampp\htdocs\taxi\wp-includes\post-template.php(255): apply_filters('the_content', '<section>\n     ...')
#22 E:\xampp\htdocs\taxi\wp-content\themes\conexi\tpl-default-elementor.php(17): the_content()
#23 E:\xampp\htdocs\taxi\wp-includes\template-loader.php(106): include('E:\\xampp\\htdocs...')
#24 E:\xampp\htdocs\taxi\wp-blog-header.php(19): require_once('E:\\xampp\\htdocs...')
#25 E:\xampp\htdocs\taxi\index.php(17): require('E:\\xampp\\htdocs...')
#26 {main}
  thrown in E:\xampp\htdocs\taxi\wp-includes\formatting.php on line 5567

2023-05-05T15:33:54+00:00 CRITICAL Out of memory (allocated 174063616) (tried to allocate 36864 bytes) in E:\xampp\htdocs\taxi\wp-content\plugins\theplus_elementor_addon\modules\widgets\tp_woo_single_pricing.php on line 1466

2023-05-05T17:43:03+00:00 CRITICAL Uncaught TypeError: urlencode(): Argument #1 ($string) must be of type string, array given in E:\xampp\htdocs\taxi\wp-includes\formatting.php:5567
Stack trace:
#0 E:\xampp\htdocs\taxi\wp-includes\formatting.php(5567): urlencode(Array)
#1 E:\xampp\htdocs\taxi\wp-includes\class-wp-query.php(1170): wp_basename(Array)
#2 E:\xampp\htdocs\taxi\wp-includes\class-wp-query.php(940): WP_Query->parse_tax_query(Array)
#3 E:\xampp\htdocs\taxi\wp-includes\class-wp-query.php(1857): WP_Query->parse_query()
#4 E:\xampp\htdocs\taxi\wp-includes\class-wp-query.php(3787): WP_Query->get_posts()
#5 E:\xampp\htdocs\taxi\wp-includes\class-wp-query.php(3919): WP_Query->query(Array)
#6 E:\xampp\htdocs\taxi\wp-content\plugins\conexi-plugin\elementor\product_pricing.php(362): WP_Query->__construct(Array)
#7 E:\xampp\htdocs\taxi\wp-content\plugins\elementor\includes\base\controls-stack.php(2268): CONEXIPLUGIN\Element\Product_Pricing->render()
#8 E:\xampp\htdocs\taxi\wp-content\plugins\elementor\includes\base\widget-base.php(609): Elementor\Controls_Stack->render_by_mode()
#9 E:\xampp\htdocs\taxi\wp-content\plugins\elementor\includes\base\widget-base.php(750): Elementor\Widget_Base->render_content()
#10 E:\xampp\htdocs\taxi\wp-content\plugins\elementor\includes\base\element-base.php(449): Elementor\Widget_Base->print_content()
#11 E:\xampp\htdocs\taxi\wp-content\plugins\elementor\includes\base\element-base.php(1354): Elementor\Element_Base->print_element()
#12 E:\xampp\htdocs\taxi\wp-content\plugins\elementor\includes\base\element-base.php(449): Elementor\Element_Base->print_content()
#13 E:\xampp\htdocs\taxi\wp-content\plugins\elementor\includes\base\element-base.php(1354): Elementor\Element_Base->print_element()
#14 E:\xampp\htdocs\taxi\wp-content\plugins\elementor\includes\base\element-base.php(449): Elementor\Element_Base->print_content()
#15 E:\xampp\htdocs\taxi\wp-content\plugins\elementor\core\base\document.php(1680): Elementor\Element_Base->print_element()
#16 E:\xampp\htdocs\taxi\wp-content\plugins\elementor\core\base\document.php(1106): Elementor\Core\Base\Document->print_elements(Array)
#17 E:\xampp\htdocs\taxi\wp-content\plugins\elementor\includes\frontend.php(1179): Elementor\Core\Base\Document->print_elements_with_wrapper(Array)
#18 E:\xampp\htdocs\taxi\wp-content\plugins\elementor\includes\frontend.php(1074): Elementor\Frontend->get_builder_content(2133)
#19 E:\xampp\htdocs\taxi\wp-includes\class-wp-hook.php(308): Elementor\Frontend->apply_builder_in_content('<section>\n     ...')
#20 E:\xampp\htdocs\taxi\wp-includes\plugin.php(205): WP_Hook->apply_filters('<section>\n     ...', Array)
#21 E:\xampp\htdocs\taxi\wp-includes\post-template.php(255): apply_filters('the_content', '<section>\n     ...')
#22 E:\xampp\htdocs\taxi\wp-content\themes\conexi\tpl-default-elementor.php(17): the_content()
#23 E:\xampp\htdocs\taxi\wp-includes\template-loader.php(106): include('E:\\xampp\\htdocs...')
#24 E:\xampp\htdocs\taxi\wp-blog-header.php(19): require_once('E:\\xampp\\htdocs...')
#25 E:\xampp\htdocs\taxi\index.php(17): require('E:\\xampp\\htdocs...')
#26 {main}
  thrown in E:\xampp\htdocs\taxi\wp-includes\formatting.php on line 5567

2023-05-05T19:24:19+00:00 CRITICAL Uncaught TypeError: urlencode(): Argument #1 ($string) must be of type string, array given in E:\xampp\htdocs\taxi\wp-includes\formatting.php:5567
Stack trace:
#0 E:\xampp\htdocs\taxi\wp-includes\formatting.php(5567): urlencode(Array)
#1 E:\xampp\htdocs\taxi\wp-includes\class-wp-query.php(1170): wp_basename(Array)
#2 E:\xampp\htdocs\taxi\wp-includes\class-wp-query.php(940): WP_Query->parse_tax_query(Array)
#3 E:\xampp\htdocs\taxi\wp-includes\class-wp-query.php(1857): WP_Query->parse_query()
#4 E:\xampp\htdocs\taxi\wp-includes\class-wp-query.php(3787): WP_Query->get_posts()
#5 E:\xampp\htdocs\taxi\wp-includes\class-wp-query.php(3919): WP_Query->query(Array)
#6 E:\xampp\htdocs\taxi\wp-content\plugins\conexi-plugin\elementor\product_pricing.php(362): WP_Query->__construct(Array)
#7 E:\xampp\htdocs\taxi\wp-content\plugins\elementor\includes\base\controls-stack.php(2268): CONEXIPLUGIN\Element\Product_Pricing->render()
#8 E:\xampp\htdocs\taxi\wp-content\plugins\elementor\includes\base\widget-base.php(609): Elementor\Controls_Stack->render_by_mode()
#9 E:\xampp\htdocs\taxi\wp-content\plugins\elementor\includes\base\widget-base.php(750): Elementor\Widget_Base->render_content()
#10 E:\xampp\htdocs\taxi\wp-content\plugins\elementor\includes\base\element-base.php(449): Elementor\Widget_Base->print_content()
#11 E:\xampp\htdocs\taxi\wp-content\plugins\elementor\includes\base\element-base.php(1354): Elementor\Element_Base->print_element()
#12 E:\xampp\htdocs\taxi\wp-content\plugins\elementor\includes\base\element-base.php(449): Elementor\Element_Base->print_content()
#13 E:\xampp\htdocs\taxi\wp-content\plugins\elementor\includes\base\element-base.php(1354): Elementor\Element_Base->print_element()
#14 E:\xampp\htdocs\taxi\wp-content\plugins\elementor\includes\base\element-base.php(449): Elementor\Element_Base->print_content()
#15 E:\xampp\htdocs\taxi\wp-content\plugins\elementor\core\base\document.php(1680): Elementor\Element_Base->print_element()
#16 E:\xampp\htdocs\taxi\wp-content\plugins\elementor\core\base\document.php(1106): Elementor\Core\Base\Document->print_elements(Array)
#17 E:\xampp\htdocs\taxi\wp-content\plugins\elementor\includes\frontend.php(1179): Elementor\Core\Base\Document->print_elements_with_wrapper(Array)
#18 E:\xampp\htdocs\taxi\wp-content\plugins\elementor\includes\frontend.php(1074): Elementor\Frontend->get_builder_content(2133)
#19 E:\xampp\htdocs\taxi\wp-includes\class-wp-hook.php(308): Elementor\Frontend->apply_builder_in_content('<section>\n     ...')
#20 E:\xampp\htdocs\taxi\wp-includes\plugin.php(205): WP_Hook->apply_filters('<section>\n     ...', Array)
#21 E:\xampp\htdocs\taxi\wp-includes\post-template.php(255): apply_filters('the_content', '<section>\n     ...')
#22 E:\xampp\htdocs\taxi\wp-content\themes\conexi\tpl-default-elementor.php(17): the_content()
#23 E:\xampp\htdocs\taxi\wp-includes\template-loader.php(106): include('E:\\xampp\\htdocs...')
#24 E:\xampp\htdocs\taxi\wp-blog-header.php(19): require_once('E:\\xampp\\htdocs...')
#25 E:\xampp\htdocs\taxi\index.php(17): require('E:\\xampp\\htdocs...')
#26 {main}
  thrown in E:\xampp\htdocs\taxi\wp-includes\formatting.php on line 5567

2023-05-05T19:32:26+00:00 CRITICAL Uncaught TypeError: urlencode(): Argument #1 ($string) must be of type string, array given in E:\xampp\htdocs\taxi\wp-includes\formatting.php:5567
Stack trace:
#0 E:\xampp\htdocs\taxi\wp-includes\formatting.php(5567): urlencode(Array)
#1 E:\xampp\htdocs\taxi\wp-includes\class-wp-query.php(1170): wp_basename(Array)
#2 E:\xampp\htdocs\taxi\wp-includes\class-wp-query.php(940): WP_Query->parse_tax_query(Array)
#3 E:\xampp\htdocs\taxi\wp-includes\class-wp-query.php(1857): WP_Query->parse_query()
#4 E:\xampp\htdocs\taxi\wp-includes\class-wp-query.php(3787): WP_Query->get_posts()
#5 E:\xampp\htdocs\taxi\wp-includes\class-wp-query.php(3919): WP_Query->query(Array)
#6 E:\xampp\htdocs\taxi\wp-content\plugins\conexi-plugin\elementor\product_pricing.php(362): WP_Query->__construct(Array)
#7 E:\xampp\htdocs\taxi\wp-content\plugins\elementor\includes\base\controls-stack.php(2268): CONEXIPLUGIN\Element\Product_Pricing->render()
#8 E:\xampp\htdocs\taxi\wp-content\plugins\elementor\includes\base\widget-base.php(609): Elementor\Controls_Stack->render_by_mode()
#9 E:\xampp\htdocs\taxi\wp-content\plugins\elementor\includes\base\widget-base.php(750): Elementor\Widget_Base->render_content()
#10 E:\xampp\htdocs\taxi\wp-content\plugins\elementor\includes\base\element-base.php(449): Elementor\Widget_Base->print_content()
#11 E:\xampp\htdocs\taxi\wp-content\plugins\elementor\includes\base\element-base.php(1354): Elementor\Element_Base->print_element()
#12 E:\xampp\htdocs\taxi\wp-content\plugins\elementor\includes\base\element-base.php(449): Elementor\Element_Base->print_content()
#13 E:\xampp\htdocs\taxi\wp-content\plugins\elementor\includes\base\element-base.php(1354): Elementor\Element_Base->print_element()
#14 E:\xampp\htdocs\taxi\wp-content\plugins\elementor\includes\base\element-base.php(449): Elementor\Element_Base->print_content()
#15 E:\xampp\htdocs\taxi\wp-content\plugins\elementor\core\base\document.php(1680): Elementor\Element_Base->print_element()
#16 E:\xampp\htdocs\taxi\wp-content\plugins\elementor\core\base\document.php(1106): Elementor\Core\Base\Document->print_elements(Array)
#17 E:\xampp\htdocs\taxi\wp-content\plugins\elementor\includes\frontend.php(1179): Elementor\Core\Base\Document->print_elements_with_wrapper(Array)
#18 E:\xampp\htdocs\taxi\wp-content\plugins\elementor\includes\frontend.php(1074): Elementor\Frontend->get_builder_content(2133)
#19 E:\xampp\htdocs\taxi\wp-includes\class-wp-hook.php(308): Elementor\Frontend->apply_builder_in_content('<section>\n     ...')
#20 E:\xampp\htdocs\taxi\wp-includes\plugin.php(205): WP_Hook->apply_filters('<section>\n     ...', Array)
#21 E:\xampp\htdocs\taxi\wp-includes\post-template.php(255): apply_filters('the_content', '<section>\n     ...')
#22 E:\xampp\htdocs\taxi\wp-content\themes\conexi\tpl-default-elementor.php(17): the_content()
#23 E:\xampp\htdocs\taxi\wp-includes\template-loader.php(106): include('E:\\xampp\\htdocs...')
#24 E:\xampp\htdocs\taxi\wp-blog-header.php(19): require_once('E:\\xampp\\htdocs...')
#25 E:\xampp\htdocs\taxi\index.php(17): require('E:\\xampp\\htdocs...')
#26 {main}
  thrown in E:\xampp\htdocs\taxi\wp-includes\formatting.php on line 5567

