2023-05-02T09:00:21+00:00 CRITICAL Uncaught TypeError: urlencode(): Argument #1 ($string) must be of type string, array given in E:\xampp\htdocs\taxi\wp-includes\formatting.php:5567
Stack trace:
#0 E:\xampp\htdocs\taxi\wp-includes\formatting.php(5567): urlencode(Array)
#1 E:\xampp\htdocs\taxi\wp-includes\class-wp-query.php(1170): wp_basename(Array)
#2 E:\xampp\htdocs\taxi\wp-includes\class-wp-query.php(940): WP_Query->parse_tax_query(Array)
#3 E:\xampp\htdocs\taxi\wp-includes\class-wp-query.php(1857): WP_Query->parse_query()
#4 E:\xampp\htdocs\taxi\wp-includes\class-wp-query.php(3787): WP_Query->get_posts()
#5 E:\xampp\htdocs\taxi\wp-includes\class-wp-query.php(3919): WP_Query->query(Array)
#6 E:\xampp\htdocs\taxi\wp-content\plugins\conexi-plugin\elementor\product_pricing.php(362): WP_Query->__construct(Array)
#7 E:\xampp\htdocs\taxi\wp-content\plugins\elementor\includes\base\controls-stack.php(2268): CONEXIPLUGIN\Element\Product_Pricing->render()
#8 E:\xampp\htdocs\taxi\wp-content\plugins\elementor\includes\base\widget-base.php(609): Elementor\Controls_Stack->render_by_mode()
#9 E:\xampp\htdocs\taxi\wp-content\plugins\elementor\includes\base\widget-base.php(750): Elementor\Widget_Base->render_content()
#10 E:\xampp\htdocs\taxi\wp-content\plugins\elementor\includes\base\element-base.php(449): Elementor\Widget_Base->print_content()
#11 E:\xampp\htdocs\taxi\wp-content\plugins\elementor\includes\base\element-base.php(1354): Elementor\Element_Base->print_element()
#12 E:\xampp\htdocs\taxi\wp-content\plugins\elementor\includes\base\element-base.php(449): Elementor\Element_Base->print_content()
#13 E:\xampp\htdocs\taxi\wp-content\plugins\elementor\includes\base\element-base.php(1354): Elementor\Element_Base->print_element()
#14 E:\xampp\htdocs\taxi\wp-content\plugins\elementor\includes\base\element-base.php(449): Elementor\Element_Base->print_content()
#15 E:\xampp\htdocs\taxi\wp-content\plugins\elementor\core\base\document.php(1680): Elementor\Element_Base->print_element()
#16 E:\xampp\htdocs\taxi\wp-content\plugins\elementor\core\base\document.php(1106): Elementor\Core\Base\Document->print_elements(Array)
#17 E:\xampp\htdocs\taxi\wp-content\plugins\elementor\includes\frontend.php(1179): Elementor\Core\Base\Document->print_elements_with_wrapper(Array)
#18 E:\xampp\htdocs\taxi\wp-content\plugins\elementor\includes\frontend.php(1074): Elementor\Frontend->get_builder_content(2133)
#19 E:\xampp\htdocs\taxi\wp-includes\class-wp-hook.php(308): Elementor\Frontend->apply_builder_in_content('<section>\n     ...')
#20 E:\xampp\htdocs\taxi\wp-includes\plugin.php(205): WP_Hook->apply_filters('<section>\n     ...', Array)
#21 E:\xampp\htdocs\taxi\wp-includes\post-template.php(255): apply_filters('the_content', '<section>\n     ...')
#22 E:\xampp\htdocs\taxi\wp-content\themes\conexi\tpl-default-elementor.php(17): the_content()
#23 E:\xampp\htdocs\taxi\wp-includes\template-loader.php(106): include('E:\\xampp\\htdocs...')
#24 E:\xampp\htdocs\taxi\wp-blog-header.php(19): require_once('E:\\xampp\\htdocs...')
#25 E:\xampp\htdocs\taxi\index.php(17): require('E:\\xampp\\htdocs...')
#26 {main}
  thrown in E:\xampp\htdocs\taxi\wp-includes\formatting.php on line 5567

2023-05-02T09:03:17+00:00 CRITICAL Uncaught TypeError: urlencode(): Argument #1 ($string) must be of type string, array given in E:\xampp\htdocs\taxi\wp-includes\formatting.php:5567
Stack trace:
#0 E:\xampp\htdocs\taxi\wp-includes\formatting.php(5567): urlencode(Array)
#1 E:\xampp\htdocs\taxi\wp-includes\class-wp-query.php(1170): wp_basename(Array)
#2 E:\xampp\htdocs\taxi\wp-includes\class-wp-query.php(940): WP_Query->parse_tax_query(Array)
#3 E:\xampp\htdocs\taxi\wp-includes\class-wp-query.php(1857): WP_Query->parse_query()
#4 E:\xampp\htdocs\taxi\wp-includes\class-wp-query.php(3787): WP_Query->get_posts()
#5 E:\xampp\htdocs\taxi\wp-includes\class-wp-query.php(3919): WP_Query->query(Array)
#6 E:\xampp\htdocs\taxi\wp-content\plugins\conexi-plugin\elementor\product_pricing.php(362): WP_Query->__construct(Array)
#7 E:\xampp\htdocs\taxi\wp-content\plugins\elementor\includes\base\controls-stack.php(2268): CONEXIPLUGIN\Element\Product_Pricing->render()
#8 E:\xampp\htdocs\taxi\wp-content\plugins\elementor\includes\base\widget-base.php(609): Elementor\Controls_Stack->render_by_mode()
#9 E:\xampp\htdocs\taxi\wp-content\plugins\elementor\includes\base\widget-base.php(750): Elementor\Widget_Base->render_content()
#10 E:\xampp\htdocs\taxi\wp-content\plugins\elementor\includes\base\element-base.php(449): Elementor\Widget_Base->print_content()
#11 E:\xampp\htdocs\taxi\wp-content\plugins\elementor\includes\base\element-base.php(1354): Elementor\Element_Base->print_element()
#12 E:\xampp\htdocs\taxi\wp-content\plugins\elementor\includes\base\element-base.php(449): Elementor\Element_Base->print_content()
#13 E:\xampp\htdocs\taxi\wp-content\plugins\elementor\includes\base\element-base.php(1354): Elementor\Element_Base->print_element()
#14 E:\xampp\htdocs\taxi\wp-content\plugins\elementor\includes\base\element-base.php(449): Elementor\Element_Base->print_content()
#15 E:\xampp\htdocs\taxi\wp-content\plugins\elementor\core\base\document.php(1680): Elementor\Element_Base->print_element()
#16 E:\xampp\htdocs\taxi\wp-content\plugins\elementor\core\base\document.php(1106): Elementor\Core\Base\Document->print_elements(Array)
#17 E:\xampp\htdocs\taxi\wp-content\plugins\elementor\includes\frontend.php(1179): Elementor\Core\Base\Document->print_elements_with_wrapper(Array)
#18 E:\xampp\htdocs\taxi\wp-content\plugins\elementor\includes\frontend.php(1074): Elementor\Frontend->get_builder_content(2133)
#19 E:\xampp\htdocs\taxi\wp-includes\class-wp-hook.php(308): Elementor\Frontend->apply_builder_in_content('<section>\n     ...')
#20 E:\xampp\htdocs\taxi\wp-includes\plugin.php(205): WP_Hook->apply_filters('<section>\n     ...', Array)
#21 E:\xampp\htdocs\taxi\wp-includes\post-template.php(255): apply_filters('the_content', '<section>\n     ...')
#22 E:\xampp\htdocs\taxi\wp-content\themes\conexi\tpl-default-elementor.php(17): the_content()
#23 E:\xampp\htdocs\taxi\wp-includes\template-loader.php(106): include('E:\\xampp\\htdocs...')
#24 E:\xampp\htdocs\taxi\wp-blog-header.php(19): require_once('E:\\xampp\\htdocs...')
#25 E:\xampp\htdocs\taxi\index.php(17): require('E:\\xampp\\htdocs...')
#26 {main}
  thrown in E:\xampp\htdocs\taxi\wp-includes\formatting.php on line 5567

2023-05-02T09:09:05+00:00 CRITICAL Uncaught TypeError: urlencode(): Argument #1 ($string) must be of type string, array given in E:\xampp\htdocs\taxi\wp-includes\formatting.php:5567
Stack trace:
#0 E:\xampp\htdocs\taxi\wp-includes\formatting.php(5567): urlencode(Array)
#1 E:\xampp\htdocs\taxi\wp-includes\class-wp-query.php(1170): wp_basename(Array)
#2 E:\xampp\htdocs\taxi\wp-includes\class-wp-query.php(940): WP_Query->parse_tax_query(Array)
#3 E:\xampp\htdocs\taxi\wp-includes\class-wp-query.php(1857): WP_Query->parse_query()
#4 E:\xampp\htdocs\taxi\wp-includes\class-wp-query.php(3787): WP_Query->get_posts()
#5 E:\xampp\htdocs\taxi\wp-includes\class-wp-query.php(3919): WP_Query->query(Array)
#6 E:\xampp\htdocs\taxi\wp-content\plugins\conexi-plugin\elementor\product_pricing.php(362): WP_Query->__construct(Array)
#7 E:\xampp\htdocs\taxi\wp-content\plugins\elementor\includes\base\controls-stack.php(2268): CONEXIPLUGIN\Element\Product_Pricing->render()
#8 E:\xampp\htdocs\taxi\wp-content\plugins\elementor\includes\base\widget-base.php(609): Elementor\Controls_Stack->render_by_mode()
#9 E:\xampp\htdocs\taxi\wp-content\plugins\elementor\includes\base\widget-base.php(750): Elementor\Widget_Base->render_content()
#10 E:\xampp\htdocs\taxi\wp-content\plugins\elementor\includes\base\element-base.php(449): Elementor\Widget_Base->print_content()
#11 E:\xampp\htdocs\taxi\wp-content\plugins\elementor\includes\base\element-base.php(1354): Elementor\Element_Base->print_element()
#12 E:\xampp\htdocs\taxi\wp-content\plugins\elementor\includes\base\element-base.php(449): Elementor\Element_Base->print_content()
#13 E:\xampp\htdocs\taxi\wp-content\plugins\elementor\includes\base\element-base.php(1354): Elementor\Element_Base->print_element()
#14 E:\xampp\htdocs\taxi\wp-content\plugins\elementor\includes\base\element-base.php(449): Elementor\Element_Base->print_content()
#15 E:\xampp\htdocs\taxi\wp-content\plugins\elementor\core\base\document.php(1680): Elementor\Element_Base->print_element()
#16 E:\xampp\htdocs\taxi\wp-content\plugins\elementor\core\base\document.php(1106): Elementor\Core\Base\Document->print_elements(Array)
#17 E:\xampp\htdocs\taxi\wp-content\plugins\elementor\includes\frontend.php(1179): Elementor\Core\Base\Document->print_elements_with_wrapper(Array)
#18 E:\xampp\htdocs\taxi\wp-content\plugins\elementor\includes\frontend.php(1074): Elementor\Frontend->get_builder_content(2133)
#19 E:\xampp\htdocs\taxi\wp-includes\class-wp-hook.php(308): Elementor\Frontend->apply_builder_in_content('<section>\n     ...')
#20 E:\xampp\htdocs\taxi\wp-includes\plugin.php(205): WP_Hook->apply_filters('<section>\n     ...', Array)
#21 E:\xampp\htdocs\taxi\wp-includes\post-template.php(255): apply_filters('the_content', '<section>\n     ...')
#22 E:\xampp\htdocs\taxi\wp-content\themes\conexi\tpl-default-elementor.php(17): the_content()
#23 E:\xampp\htdocs\taxi\wp-includes\template-loader.php(106): include('E:\\xampp\\htdocs...')
#24 E:\xampp\htdocs\taxi\wp-blog-header.php(19): require_once('E:\\xampp\\htdocs...')
#25 E:\xampp\htdocs\taxi\index.php(17): require('E:\\xampp\\htdocs...')
#26 {main}
  thrown in E:\xampp\htdocs\taxi\wp-includes\formatting.php on line 5567

2023-05-02T09:19:59+00:00 CRITICAL Uncaught TypeError: urlencode(): Argument #1 ($string) must be of type string, array given in E:\xampp\htdocs\taxi\wp-includes\formatting.php:5567
Stack trace:
#0 E:\xampp\htdocs\taxi\wp-includes\formatting.php(5567): urlencode(Array)
#1 E:\xampp\htdocs\taxi\wp-includes\class-wp-query.php(1170): wp_basename(Array)
#2 E:\xampp\htdocs\taxi\wp-includes\class-wp-query.php(940): WP_Query->parse_tax_query(Array)
#3 E:\xampp\htdocs\taxi\wp-includes\class-wp-query.php(1857): WP_Query->parse_query()
#4 E:\xampp\htdocs\taxi\wp-includes\class-wp-query.php(3787): WP_Query->get_posts()
#5 E:\xampp\htdocs\taxi\wp-includes\class-wp-query.php(3919): WP_Query->query(Array)
#6 E:\xampp\htdocs\taxi\wp-content\plugins\conexi-plugin\elementor\product_pricing.php(362): WP_Query->__construct(Array)
#7 E:\xampp\htdocs\taxi\wp-content\plugins\elementor\includes\base\controls-stack.php(2268): CONEXIPLUGIN\Element\Product_Pricing->render()
#8 E:\xampp\htdocs\taxi\wp-content\plugins\elementor\includes\base\widget-base.php(609): Elementor\Controls_Stack->render_by_mode()
#9 E:\xampp\htdocs\taxi\wp-content\plugins\elementor\includes\base\widget-base.php(750): Elementor\Widget_Base->render_content()
#10 E:\xampp\htdocs\taxi\wp-content\plugins\elementor\includes\base\element-base.php(449): Elementor\Widget_Base->print_content()
#11 E:\xampp\htdocs\taxi\wp-content\plugins\elementor\includes\base\element-base.php(1354): Elementor\Element_Base->print_element()
#12 E:\xampp\htdocs\taxi\wp-content\plugins\elementor\includes\base\element-base.php(449): Elementor\Element_Base->print_content()
#13 E:\xampp\htdocs\taxi\wp-content\plugins\elementor\includes\base\element-base.php(1354): Elementor\Element_Base->print_element()
#14 E:\xampp\htdocs\taxi\wp-content\plugins\elementor\includes\base\element-base.php(449): Elementor\Element_Base->print_content()
#15 E:\xampp\htdocs\taxi\wp-content\plugins\elementor\core\base\document.php(1680): Elementor\Element_Base->print_element()
#16 E:\xampp\htdocs\taxi\wp-content\plugins\elementor\core\base\document.php(1106): Elementor\Core\Base\Document->print_elements(Array)
#17 E:\xampp\htdocs\taxi\wp-content\plugins\elementor\includes\frontend.php(1179): Elementor\Core\Base\Document->print_elements_with_wrapper(Array)
#18 E:\xampp\htdocs\taxi\wp-content\plugins\elementor\includes\frontend.php(1074): Elementor\Frontend->get_builder_content(2133)
#19 E:\xampp\htdocs\taxi\wp-includes\class-wp-hook.php(308): Elementor\Frontend->apply_builder_in_content('<section>\n     ...')
#20 E:\xampp\htdocs\taxi\wp-includes\plugin.php(205): WP_Hook->apply_filters('<section>\n     ...', Array)
#21 E:\xampp\htdocs\taxi\wp-includes\post-template.php(255): apply_filters('the_content', '<section>\n     ...')
#22 E:\xampp\htdocs\taxi\wp-content\themes\conexi\tpl-default-elementor.php(17): the_content()
#23 E:\xampp\htdocs\taxi\wp-includes\template-loader.php(106): include('E:\\xampp\\htdocs...')
#24 E:\xampp\htdocs\taxi\wp-blog-header.php(19): require_once('E:\\xampp\\htdocs...')
#25 E:\xampp\htdocs\taxi\index.php(17): require('E:\\xampp\\htdocs...')
#26 {main}
  thrown in E:\xampp\htdocs\taxi\wp-includes\formatting.php on line 5567

